Removed Pin From Net: NetName=SENS_1 Pin=P3-1
Removed Pin From Net: NetName=SENS_2 Pin=P3-2
Removed Pin From Net: NetName=SENS_3 Pin=P3-3
Removed Pin From Net: NetName=SENS_4 Pin=P3-4
Removed Pin From Net: NetName=SENS_5 Pin=P3-5
Removed Pin From Net: NetName=SENS_6 Pin=P3-6
Removed Pin From Net: NetName=SENS_7 Pin=P3-7
Removed Pin From Net: NetName=SENS_8 Pin=P3-8
Removed Pin From Net: NetName=SENS_A Pin=P4-1
Removed Pin From Net: NetName=SENS_B Pin=P4-2
Removed Pin From Net: NetName=SENS_C Pin=P4-3
Removed Pin From Net: NetName=SENS_D Pin=P4-4
Removed Pin From Net: NetName=SENS_E Pin=P4-5
Removed Pin From Net: NetName=SENS_F Pin=P4-6
Removed Pin From Net: NetName=SENS_G Pin=P4-7
Removed Pin From Net: NetName=SENS_H Pin=P4-8
Added Pin To Net: NetName=SENS_8 Pin=P3-1
Added Pin To Net: NetName=SENS_7 Pin=P3-2
Added Pin To Net: NetName=SENS_6 Pin=P3-3
Added Pin To Net: NetName=SENS_5 Pin=P3-4
Added Pin To Net: NetName=SENS_4 Pin=P3-5
Added Pin To Net: NetName=SENS_3 Pin=P3-6
Added Pin To Net: NetName=SENS_2 Pin=P3-7
Added Pin To Net: NetName=SENS_1 Pin=P3-8
Added Pin To Net: NetName=SENS_H Pin=P4-1
Added Pin To Net: NetName=SENS_G Pin=P4-2
Added Pin To Net: NetName=SENS_F Pin=P4-3
Added Pin To Net: NetName=SENS_E Pin=P4-4
Added Pin To Net: NetName=SENS_D Pin=P4-5
Added Pin To Net: NetName=SENS_C Pin=P4-6
Added Pin To Net: NetName=SENS_B Pin=P4-7
Added Pin To Net: NetName=SENS_A Pin=P4-8
